<?xml version="1.0" encoding="UTF-8"?>
<!-- Generated by org.testng.reporters.JUnitReportReporter -->
<testsuite skipped="0" hostname="DESKTOP-DTS5H60" name="tests.Test2" tests="1" failures="0" timestamp="26 черв. 2017 09:22:57 GMT" time="0.001" errors="0">
  <testcase name="Test2" time="0.001" classname="tests.Test2"/>
</testsuite> <!-- tests.Test2 -->
