<?xml version="1.0" encoding="UTF-8"?>
<!-- Generated by org.testng.reporters.JUnitReportReporter -->
<testsuite skipped="0" hostname="DESKTOP-DTS5H60" name="tests.Test1" tests="1" failures="0" timestamp="26 черв. 2017 09:22:57 GMT" time="18.363" errors="0">
  <testcase name="Test1" time="18.363" classname="tests.Test1"/>
</testsuite> <!-- tests.Test1 -->
